  imgui.cpp
  imgui_demo.cpp
  imgui_draw.cpp
  AppClass.cpp
  AppClassControls.cpp
  AppClassGUI.cpp
  AppClassMain.cpp
  ControllerConfiguration.cpp
  MyRigidBody.cpp
  Main.cpp
  MyCamera.cpp
  MyMesh.cpp
  MyMeshManager.cpp
  Generating Code...
  Ex01I.vcxproj -> D:\Github\DSA2\Ex01\Z_DELETE\Ex01I_d.exe
  Copying Shaders...
  D:\Github\DSA2\Ex01\include\Simplex\Shaders\Basic-Instanced.vs
  D:\Github\DSA2\Ex01\include\Simplex\Shaders\Basic.fs
  D:\Github\DSA2\Ex01\include\Simplex\Shaders\Basic.vs
  D:\Github\DSA2\Ex01\include\Simplex\Shaders\BasicColor.fs
  D:\Github\DSA2\Ex01\include\Simplex\Shaders\BasicColor.vs
  D:\Github\DSA2\Ex01\include\Simplex\Shaders\Line.fs
  D:\Github\DSA2\Ex01\include\Simplex\Shaders\Line.vs
  D:\Github\DSA2\Ex01\include\Simplex\Shaders\Minimal.fs
  D:\Github\DSA2\Ex01\include\Simplex\Shaders\Minimal.vs
  D:\Github\DSA2\Ex01\include\Simplex\Shaders\MinimalRed.fs
  D:\Github\DSA2\Ex01\include\Simplex\Shaders\Simplex.fs
  D:\Github\DSA2\Ex01\include\Simplex\Shaders\Simplex.vs
  D:\Github\DSA2\Ex01\include\Simplex\Shaders\Skybox.fs
  D:\Github\DSA2\Ex01\include\Simplex\Shaders\Skybox.vs
  D:\Github\DSA2\Ex01\include\Simplex\Shaders\Text.fs
  D:\Github\DSA2\Ex01\include\Simplex\Shaders\Text.vs
  D:\Github\DSA2\Ex01\include\Simplex\Shaders\Wireframe.fs
  17 File(s) copied
